<?xml version="1.0" encoding="UTF-8"?>
<robot generator="Robot 5.0 (Python 3.8.10 on linux)" generated="20220613 16:01:36.563" rpa="false" schemaversion="3">
<suite id="s1" name="autoTest" source="/home/wuling/yoyoScpFile/simple_test/autoTest.robot">
<test id="s1-t1" name="Run Sanity" line="5">
<kw name="Copy Sanity Scripts to BMC" library="service">
<kw name="SCP Open to BMC" library="commons">
<kw name="Open Connection" library="scp">
<arg>${BMC_HOST}</arg>
<arg>username=${BMC_USER}</arg>
<arg>password=${BMC_PASSWORD}</arg>
<doc>Opens a new SCP connection to the given host.</doc>
<status status="PASS" starttime="20220613 16:01:40.935" endtime="20220613 16:01:41.290"/>
</kw>
<status status="PASS" starttime="20220613 16:01:40.934" endtime="20220613 16:01:41.291"/>
</kw>
<for flavor="IN">
<var>${ScriptName}</var>
<value>@{SANITY_LIST}</value>
<iter>
<var name="${ScriptName}">fru</var>
<kw name="Put File" library="scp">
<arg>${SCRIPTS_PATH}/${ScriptName}.sh</arg>
<arg>${bmc_dst_path}/</arg>
<doc>Uploads a file to the remote machine from the local machine.</doc>
<status status="PASS" starttime="20220613 16:01:41.292" endtime="20220613 16:01:41.356"/>
</kw>
<status status="PASS" starttime="20220613 16:01:41.292" endtime="20220613 16:01:41.356"/>
</iter>
<iter>
<var name="${ScriptName}">mc_info</var>
<kw name="Put File" library="scp">
<arg>${SCRIPTS_PATH}/${ScriptName}.sh</arg>
<arg>${bmc_dst_path}/</arg>
<doc>Uploads a file to the remote machine from the local machine.</doc>
<status status="PASS" starttime="20220613 16:01:41.357" endtime="20220613 16:01:41.415"/>
</kw>
<status status="PASS" starttime="20220613 16:01:41.356" endtime="20220613 16:01:41.415"/>
</iter>
<iter>
<var name="${ScriptName}">sel_elist</var>
<kw name="Put File" library="scp">
<arg>${SCRIPTS_PATH}/${ScriptName}.sh</arg>
<arg>${bmc_dst_path}/</arg>
<doc>Uploads a file to the remote machine from the local machine.</doc>
<status status="PASS" starttime="20220613 16:01:41.416" endtime="20220613 16:01:41.527"/>
</kw>
<status status="PASS" starttime="20220613 16:01:41.415" endtime="20220613 16:01:41.527"/>
</iter>
<iter>
<var name="${ScriptName}">sensor_list_all</var>
<kw name="Put File" library="scp">
<arg>${SCRIPTS_PATH}/${ScriptName}.sh</arg>
<arg>${bmc_dst_path}/</arg>
<doc>Uploads a file to the remote machine from the local machine.</doc>
<status status="PASS" starttime="20220613 16:01:41.528" endtime="20220613 16:01:41.603"/>
</kw>
<status status="PASS" starttime="20220613 16:01:41.527" endtime="20220613 16:01:41.603"/>
</iter>
<status status="PASS" starttime="20220613 16:01:41.291" endtime="20220613 16:01:41.603"/>
</for>
<kw name="Close Connection" library="scp">
<doc>Closes the SCP connection.</doc>
<status status="PASS" starttime="20220613 16:01:41.604" endtime="20220613 16:01:41.604"/>
</kw>
<status status="PASS" starttime="20220613 16:01:40.933" endtime="20220613 16:01:41.605"/>
</kw>
<kw name="Execute sanity scripts on BMC" library="service">
<kw name="SSH Login to BMC" library="commons">
<kw name="Open Connection" library="ssh">
<arg>${BMC_HOST}</arg>
<doc>Opens a new SSH connection to the given ``host`` and ``port``.</doc>
<status status="PASS" starttime="20220613 16:01:41.606" endtime="20220613 16:01:41.608"/>
</kw>
<kw name="Login" library="ssh">
<arg>${BMC_USER}</arg>
<arg>${BMC_PASSWORD}</arg>
<doc>Logs into the SSH server with the given ``username`` and ``password``.</doc>
<msg timestamp="20220613 16:01:41.609" level="INFO">Logging into '192.169.100.19:22' as 'root'.</msg>
<msg timestamp="20220613 16:01:42.977" level="INFO">Read output: root@roux:~#</msg>
<status status="PASS" starttime="20220613 16:01:41.608" endtime="20220613 16:01:42.978"/>
</kw>
<status status="PASS" starttime="20220613 16:01:41.606" endtime="20220613 16:01:42.978"/>
</kw>
<kw name="Execute multiple scripts" library="commons">
<arg>@{SANITY_LIST}</arg>
<arg>scripts_path=${bmc_dst_path}</arg>
<for flavor="IN">
<var>${script_name}</var>
<value>@{scripts_list}</value>
<iter>
<var name="${script_name}">fru</var>
<kw name="Execute script" library="commons">
<arg>${script_name}</arg>
<arg>${scripts_path}</arg>
<if>
<branch type="IF" condition="${is_format}">
<kw name="Execute Command" library="ssh">
<arg>sed -i "s/\r//" ${script_path}/${script_name}.sh</arg>
<doc>Executes ``command`` on the remote machine and returns its outputs.</doc>
<status status="NOT RUN" starttime="20220613 16:01:42.983" endtime="20220613 16:01:42.983"/>
</kw>
<status status="NOT RUN" starttime="20220613 16:01:42.982" endtime="20220613 16:01:42.983"/>
</branch>
<status status="PASS" starttime="20220613 16:01:42.982" endtime="20220613 16:01:42.983"/>
</if>
<kw name="Write" library="ssh">
<arg>${CHMOD_CMD} ${script_path}/${script_name}.sh</arg>
<doc>Writes the given ``text`` on the remote machine and appends a newline.</doc>
<msg timestamp="20220613 16:01:42.992" level="INFO">chmod +x /home/root/fru.sh</msg>
<status status="PASS" starttime="20220613 16:01:42.983" endtime="20220613 16:01:42.992"/>
</kw>
<if>
<branch type="IF" condition="${is_output}">
<kw name="Execute Command" library="ssh">
<arg>${script_path}/${script_name}.sh &gt; ${script_path}/${script_name}.txt</arg>
<doc>Executes ``command`` on the remote machine and returns its outputs.</doc>
<msg timestamp="20220613 16:01:42.993" level="INFO">Executing command '/home/root/fru.sh &gt; /home/root/fru.txt'.</msg>
<msg timestamp="20220613 16:01:45.581" level="INFO">Command exited with return code 0.</msg>
<status status="PASS" starttime="20220613 16:01:42.992" endtime="20220613 16:01:45.582"/>
</kw>
<status status="PASS" starttime="20220613 16:01:42.992" endtime="20220613 16:01:45.582"/>
</branch>
<branch type="ELSE">
<kw name="Execute Command" library="ssh">
<arg>${script_path}/${script_name}.sh</arg>
<doc>Executes ``command`` on the remote machine and returns its outputs.</doc>
<status status="NOT RUN" starttime="20220613 16:01:45.583" endtime="20220613 16:01:45.583"/>
</kw>
<status status="NOT RUN" starttime="20220613 16:01:45.582" endtime="20220613 16:01:45.583"/>
</branch>
<status status="PASS" starttime="20220613 16:01:42.992" endtime="20220613 16:01:45.583"/>
</if>
<status status="PASS" starttime="20220613 16:01:42.981" endtime="20220613 16:01:45.583"/>
</kw>
<status status="PASS" starttime="20220613 16:01:42.980" endtime="20220613 16:01:45.583"/>
</iter>
<iter>
<var name="${script_name}">mc_info</var>
<kw name="Execute script" library="commons">
<arg>${script_name}</arg>
<arg>${scripts_path}</arg>
<if>
<branch type="IF" condition="${is_format}">
<kw name="Execute Command" library="ssh">
<arg>sed -i "s/\r//" ${script_path}/${script_name}.sh</arg>
<doc>Executes ``command`` on the remote machine and returns its outputs.</doc>
<status status="NOT RUN" starttime="20220613 16:01:45.586" endtime="20220613 16:01:45.586"/>
</kw>
<status status="NOT RUN" starttime="20220613 16:01:45.585" endtime="20220613 16:01:45.586"/>
</branch>
<status status="PASS" starttime="20220613 16:01:45.585" endtime="20220613 16:01:45.586"/>
</if>
<kw name="Write" library="ssh">
<arg>${CHMOD_CMD} ${script_path}/${script_name}.sh</arg>
<doc>Writes the given ``text`` on the remote machine and appends a newline.</doc>
<msg timestamp="20220613 16:01:45.591" level="INFO">root@roux:~# chmod +x /home/root/mc_info.sh</msg>
<status status="PASS" starttime="20220613 16:01:45.586" endtime="20220613 16:01:45.591"/>
</kw>
<if>
<branch type="IF" condition="${is_output}">
<kw name="Execute Command" library="ssh">
<arg>${script_path}/${script_name}.sh &gt; ${script_path}/${script_name}.txt</arg>
<doc>Executes ``command`` on the remote machine and returns its outputs.</doc>
<msg timestamp="20220613 16:01:45.592" level="INFO">Executing command '/home/root/mc_info.sh &gt; /home/root/mc_info.txt'.</msg>
<msg timestamp="20220613 16:01:45.648" level="INFO">Command exited with return code 0.</msg>
<status status="PASS" starttime="20220613 16:01:45.592" endtime="20220613 16:01:45.648"/>
</kw>
<status status="PASS" starttime="20220613 16:01:45.591" endtime="20220613 16:01:45.648"/>
</branch>
<branch type="ELSE">
<kw name="Execute Command" library="ssh">
<arg>${script_path}/${script_name}.sh</arg>
<doc>Executes ``command`` on the remote machine and returns its outputs.</doc>
<status status="NOT RUN" starttime="20220613 16:01:45.648" endtime="20220613 16:01:45.649"/>
</kw>
<status status="NOT RUN" starttime="20220613 16:01:45.648" endtime="20220613 16:01:45.649"/>
</branch>
<status status="PASS" starttime="20220613 16:01:45.591" endtime="20220613 16:01:45.649"/>
</if>
<status status="PASS" starttime="20220613 16:01:45.584" endtime="20220613 16:01:45.650"/>
</kw>
<status status="PASS" starttime="20220613 16:01:45.584" endtime="20220613 16:01:45.650"/>
</iter>
<iter>
<var name="${script_name}">sel_elist</var>
<kw name="Execute script" library="commons">
<arg>${script_name}</arg>
<arg>${scripts_path}</arg>
<if>
<branch type="IF" condition="${is_format}">
<kw name="Execute Command" library="ssh">
<arg>sed -i "s/\r//" ${script_path}/${script_name}.sh</arg>
<doc>Executes ``command`` on the remote machine and returns its outputs.</doc>
<status status="NOT RUN" starttime="20220613 16:01:45.652" endtime="20220613 16:01:45.653"/>
</kw>
<status status="NOT RUN" starttime="20220613 16:01:45.652" endtime="20220613 16:01:45.653"/>
</branch>
<status status="PASS" starttime="20220613 16:01:45.652" endtime="20220613 16:01:45.653"/>
</if>
<kw name="Write" library="ssh">
<arg>${CHMOD_CMD} ${script_path}/${script_name}.sh</arg>
<doc>Writes the given ``text`` on the remote machine and appends a newline.</doc>
<msg timestamp="20220613 16:01:45.698" level="INFO">root@roux:~# chmod +x /home/root/sel_elist.sh</msg>
<status status="PASS" starttime="20220613 16:01:45.653" endtime="20220613 16:01:45.698"/>
</kw>
<if>
<branch type="IF" condition="${is_output}">
<kw name="Execute Command" library="ssh">
<arg>${script_path}/${script_name}.sh &gt; ${script_path}/${script_name}.txt</arg>
<doc>Executes ``command`` on the remote machine and returns its outputs.</doc>
<msg timestamp="20220613 16:01:45.700" level="INFO">Executing command '/home/root/sel_elist.sh &gt; /home/root/sel_elist.txt'.</msg>
<msg timestamp="20220613 16:01:45.755" level="INFO">Command exited with return code 0.</msg>
<status status="PASS" starttime="20220613 16:01:45.699" endtime="20220613 16:01:45.755"/>
</kw>
<status status="PASS" starttime="20220613 16:01:45.699" endtime="20220613 16:01:45.755"/>
</branch>
<branch type="ELSE">
<kw name="Execute Command" library="ssh">
<arg>${script_path}/${script_name}.sh</arg>
<doc>Executes ``command`` on the remote machine and returns its outputs.</doc>
<status status="NOT RUN" starttime="20220613 16:01:45.756" endtime="20220613 16:01:45.756"/>
</kw>
<status status="NOT RUN" starttime="20220613 16:01:45.755" endtime="20220613 16:01:45.756"/>
</branch>
<status status="PASS" starttime="20220613 16:01:45.699" endtime="20220613 16:01:45.756"/>
</if>
<status status="PASS" starttime="20220613 16:01:45.650" endtime="20220613 16:01:45.757"/>
</kw>
<status status="PASS" starttime="20220613 16:01:45.650" endtime="20220613 16:01:45.757"/>
</iter>
<iter>
<var name="${script_name}">sensor_list_all</var>
<kw name="Execute script" library="commons">
<arg>${script_name}</arg>
<arg>${scripts_path}</arg>
<if>
<branch type="IF" condition="${is_format}">
<kw name="Execute Command" library="ssh">
<arg>sed -i "s/\r//" ${script_path}/${script_name}.sh</arg>
<doc>Executes ``command`` on the remote machine and returns its outputs.</doc>
<status status="NOT RUN" starttime="20220613 16:01:45.759" endtime="20220613 16:01:45.759"/>
</kw>
<status status="NOT RUN" starttime="20220613 16:01:45.759" endtime="20220613 16:01:45.759"/>
</branch>
<status status="PASS" starttime="20220613 16:01:45.758" endtime="20220613 16:01:45.759"/>
</if>
<kw name="Write" library="ssh">
<arg>${CHMOD_CMD} ${script_path}/${script_name}.sh</arg>
<doc>Writes the given ``text`` on the remote machine and appends a newline.</doc>
<msg timestamp="20220613 16:01:45.764" level="INFO">root@roux:~# chmod +x /home/root/sensor_list_all.sh</msg>
<status status="PASS" starttime="20220613 16:01:45.760" endtime="20220613 16:01:45.764"/>
</kw>
<if>
<branch type="IF" condition="${is_output}">
<kw name="Execute Command" library="ssh">
<arg>${script_path}/${script_name}.sh &gt; ${script_path}/${script_name}.txt</arg>
<doc>Executes ``command`` on the remote machine and returns its outputs.</doc>
<msg timestamp="20220613 16:01:45.765" level="INFO">Executing command '/home/root/sensor_list_all.sh &gt; /home/root/sensor_list_all.txt'.</msg>
<msg timestamp="20220613 16:01:51.312" level="INFO">Command exited with return code 0.</msg>
<status status="PASS" starttime="20220613 16:01:45.765" endtime="20220613 16:01:51.312"/>
</kw>
<status status="PASS" starttime="20220613 16:01:45.765" endtime="20220613 16:01:51.312"/>
</branch>
<branch type="ELSE">
<kw name="Execute Command" library="ssh">
<arg>${script_path}/${script_name}.sh</arg>
<doc>Executes ``command`` on the remote machine and returns its outputs.</doc>
<status status="NOT RUN" starttime="20220613 16:01:51.313" endtime="20220613 16:01:51.313"/>
</kw>
<status status="NOT RUN" starttime="20220613 16:01:51.313" endtime="20220613 16:01:51.313"/>
</branch>
<status status="PASS" starttime="20220613 16:01:45.765" endtime="20220613 16:01:51.313"/>
</if>
<status status="PASS" starttime="20220613 16:01:45.757" endtime="20220613 16:01:51.314"/>
</kw>
<status status="PASS" starttime="20220613 16:01:45.757" endtime="20220613 16:01:51.314"/>
</iter>
<status status="PASS" starttime="20220613 16:01:42.980" endtime="20220613 16:01:51.314"/>
</for>
<status status="PASS" starttime="20220613 16:01:42.978" endtime="20220613 16:01:51.314"/>
</kw>
<kw name="Close Connection" library="ssh">
<doc>Closes the current connection.</doc>
<status status="PASS" starttime="20220613 16:01:51.314" endtime="20220613 16:01:51.315"/>
</kw>
<status status="PASS" starttime="20220613 16:01:41.605" endtime="20220613 16:01:51.315"/>
</kw>
<kw name="Get sanity result from BMC" library="service">
<kw name="SCP Open to BMC" library="commons">
<kw name="Open Connection" library="scp">
<arg>${BMC_HOST}</arg>
<arg>username=${BMC_USER}</arg>
<arg>password=${BMC_PASSWORD}</arg>
<doc>Opens a new SCP connection to the given host.</doc>
<status status="PASS" starttime="20220613 16:01:51.317" endtime="20220613 16:01:51.682"/>
</kw>
<status status="PASS" starttime="20220613 16:01:51.316" endtime="20220613 16:01:51.682"/>
</kw>
<for flavor="IN">
<var>${File}</var>
<value>@{SANITY_LIST}</value>
<iter>
<var name="${File}">fru</var>
<kw name="Get File" library="scp">
<arg>${bmc_dst_path}/${File}.txt</arg>
<arg>${SANITY_PATH}</arg>
<doc>Downloads a file from the remote machine to the local machine.</doc>
<status status="PASS" starttime="20220613 16:01:51.683" endtime="20220613 16:01:51.709"/>
</kw>
<status status="PASS" starttime="20220613 16:01:51.683" endtime="20220613 16:01:51.709"/>
</iter>
<iter>
<var name="${File}">mc_info</var>
<kw name="Get File" library="scp">
<arg>${bmc_dst_path}/${File}.txt</arg>
<arg>${SANITY_PATH}</arg>
<doc>Downloads a file from the remote machine to the local machine.</doc>
<status status="PASS" starttime="20220613 16:01:51.710" endtime="20220613 16:01:51.734"/>
</kw>
<status status="PASS" starttime="20220613 16:01:51.710" endtime="20220613 16:01:51.734"/>
</iter>
<iter>
<var name="${File}">sel_elist</var>
<kw name="Get File" library="scp">
<arg>${bmc_dst_path}/${File}.txt</arg>
<arg>${SANITY_PATH}</arg>
<doc>Downloads a file from the remote machine to the local machine.</doc>
<status status="PASS" starttime="20220613 16:01:51.735" endtime="20220613 16:01:51.760"/>
</kw>
<status status="PASS" starttime="20220613 16:01:51.734" endtime="20220613 16:01:51.760"/>
</iter>
<iter>
<var name="${File}">sensor_list_all</var>
<kw name="Get File" library="scp">
<arg>${bmc_dst_path}/${File}.txt</arg>
<arg>${SANITY_PATH}</arg>
<doc>Downloads a file from the remote machine to the local machine.</doc>
<status status="PASS" starttime="20220613 16:01:51.760" endtime="20220613 16:01:51.832"/>
</kw>
<status status="PASS" starttime="20220613 16:01:51.760" endtime="20220613 16:01:51.832"/>
</iter>
<status status="PASS" starttime="20220613 16:01:51.682" endtime="20220613 16:01:51.832"/>
</for>
<kw name="Close Connection" library="scp">
<doc>Closes the SCP connection.</doc>
<status status="PASS" starttime="20220613 16:01:51.833" endtime="20220613 16:01:51.834"/>
</kw>
<kw name="BMC Execute Command" library="commons">
<arg>rm *</arg>
<kw name="SSH Login to BMC" library="commons">
<kw name="Open Connection" library="ssh">
<arg>${BMC_HOST}</arg>
<doc>Opens a new SSH connection to the given ``host`` and ``port``.</doc>
<status status="PASS" starttime="20220613 16:01:51.836" endtime="20220613 16:01:51.836"/>
</kw>
<kw name="Login" library="ssh">
<arg>${BMC_USER}</arg>
<arg>${BMC_PASSWORD}</arg>
<doc>Logs into the SSH server with the given ``username`` and ``password``.</doc>
<msg timestamp="20220613 16:01:51.837" level="INFO">Logging into '192.169.100.19:22' as 'root'.</msg>
<msg timestamp="20220613 16:01:53.220" level="INFO">Read output: root@roux:~#</msg>
<status status="PASS" starttime="20220613 16:01:51.836" endtime="20220613 16:01:53.220"/>
</kw>
<status status="PASS" starttime="20220613 16:01:51.835" endtime="20220613 16:01:53.221"/>
</kw>
<kw name="Execute Command" library="ssh">
<arg>${command}</arg>
<doc>Executes ``command`` on the remote machine and returns its outputs.</doc>
<msg timestamp="20220613 16:01:53.222" level="INFO">Executing command 'rm *'.</msg>
<msg timestamp="20220613 16:01:53.257" level="INFO">Command exited with return code 0.</msg>
<status status="PASS" starttime="20220613 16:01:53.221" endtime="20220613 16:01:53.258"/>
</kw>
<kw name="Close Connection" library="ssh">
<doc>Closes the current connection.</doc>
<status status="PASS" starttime="20220613 16:01:53.258" endtime="20220613 16:01:53.260"/>
</kw>
<status status="PASS" starttime="20220613 16:01:51.834" endtime="20220613 16:01:53.260"/>
</kw>
<status status="PASS" starttime="20220613 16:01:51.316" endtime="20220613 16:01:53.260"/>
</kw>
<kw name="Close SCP and SSH" library="commons" type="TEARDOWN">
<kw name="Close Connection" library="scp">
<doc>Closes the SCP connection.</doc>
<status status="PASS" starttime="20220613 16:01:53.262" endtime="20220613 16:01:53.263"/>
</kw>
<kw name="Close All Connections" library="ssh">
<doc>Closes all open connections.</doc>
<status status="PASS" starttime="20220613 16:01:53.263" endtime="20220613 16:01:53.263"/>
</kw>
<status status="PASS" starttime="20220613 16:01:53.261" endtime="20220613 16:01:53.264"/>
</kw>
<tag>Run_Sanity</tag>
<status status="PASS" starttime="20220613 16:01:40.932" endtime="20220613 16:01:53.264"/>
</test>
<status status="PASS" starttime="20220613 16:01:36.566" endtime="20220613 16:01:53.266"/>
</suite>
<statistics>
<total>
<stat pass="1" fail="0" skip="0">All Tests</stat>
</total>
<tag>
<stat pass="1" fail="0" skip="0">Run_Sanity</stat>
</tag>
<suite>
<stat pass="1" fail="0" skip="0" id="s1" name="autoTest">autoTest</stat>
</suite>
</statistics>
<errors>
</errors>
</robot>
